# JRE version: Java(TM) SE Runtime Environment (17.0.9+11) (build 17.0.9+11-LTS-201)
# Java VM: Java HotSpot(TM) 64-Bit Server VM (17.0.9+11-LTS-201, mixed mode, sharing, tiered, compressed oops, compressed class ptrs, g1 gc, windows-amd64)
GC Precious Log:
 CPUs: 8 total, 8 available
 Memory: 8067M
 Large Page Support: Disabled
 NUMA Support: Disabled
 Compressed Oops: Enabled (32-bit)
 Heap Region Size: 1M
 Heap Min Capacity: 8M
 Heap Initial Capacity: 128M
 Heap Max Capacity: 2018M
 Pre-touch: Disabled
 Parallel Workers: 8
 Concurrent Workers: 2
 Concurrent Refinement Workers: 8
 Periodic GC: Disabled
Heap:
 garbage-first heap   total 66560K, used 44736K [0x0000000081e00000, 0x0000000100000000)
  region size 1024K, 22 young (22528K), 4 survivors (4096K)
 Metaspace       used 66143K, committed 66688K, reserved 1114112K
  class space    used 9082K, committed 9344K, reserved 1048576K
GC Heap History (20 events):
Event: 3.363 GC heap before
{Heap before GC invocations=1 (full 0):
 garbage-first heap   total 131072K, used 32555K [0x0000000081e00000, 0x0000000100000000)
  region size 1024K, 28 young (28672K), 3 survivors (3072K)
 Metaspace       used 12726K, committed 12928K, reserved 1114112K
  class space    used 1694K, committed 1792K, reserved 1048576K
}
Event: 3.371 GC heap after
{Heap after GC invocations=2 (full 0):
 garbage-first heap   total 131072K, used 9091K [0x0000000081e00000, 0x0000000100000000)
  region size 1024K, 2 young (2048K), 2 survivors (2048K)
 Metaspace       used 12726K, committed 12928K, reserved 1114112K
  class space    used 1694K, committed 1792K, reserved 1048576K
}
Event: 5.358 GC heap before
{Heap before GC invocations=2 (full 0):
 garbage-first heap   total 131072K, used 56195K [0x0000000081e00000, 0x0000000100000000)
  region size 1024K, 50 young (51200K), 2 survivors (2048K)
 Metaspace       used 21318K, committed 21504K, reserved 1114112K
  class space    used 2699K, committed 2816K, reserved 1048576K
}
Event: 5.368 GC heap after
{Heap after GC invocations=3 (full 0):
 garbage-first heap   total 131072K, used 12773K [0x0000000081e00000, 0x0000000100000000)
  region size 1024K, 6 young (6144K), 6 survivors (6144K)
 Metaspace       used 21318K, committed 21504K, reserved 1114112K
  class space    used 2699K, committed 2816K, reserved 1048576K
}
Event: 6.139 GC heap before
{Heap before GC invocations=4 (full 0):
 garbage-first heap   total 55296K, used 39397K [0x0000000081e00000, 0x0000000100000000)
  region size 1024K, 32 young (32768K), 6 survivors (6144K)
 Metaspace       used 26526K, committed 26880K, reserved 1114112K
  class space    used 3485K, committed 3648K, reserved 1048576K
}
Event: 6.154 GC heap after
{Heap after GC invocations=5 (full 0):
 garbage-first heap   total 55296K, used 15871K [0x0000000081e00000, 0x0000000100000000)
  region size 1024K, 4 young (4096K), 4 survivors (4096K)
 Metaspace       used 26526K, committed 26880K, reserved 1114112K
  class space    used 3485K, committed 3648K, reserved 1048576K
}
Event: 6.869 GC heap before
{Heap before GC invocations=5 (full 0):
 garbage-first heap   total 55296K, used 36351K [0x0000000081e00000, 0x0000000100000000)
  region size 1024K, 24 young (24576K), 4 survivors (4096K)
 Metaspace       used 31027K, committed 31424K, reserved 1114112K
  class space    used 4064K, committed 4288K, reserved 1048576K
}
Event: 6.884 GC heap after
{Heap after GC invocations=6 (full 0):
 garbage-first heap   total 55296K, used 18194K [0x0000000081e00000, 0x0000000100000000)
  region size 1024K, 3 young (3072K), 3 survivors (3072K)
 Metaspace       used 31027K, committed 31424K, reserved 1114112K
  class space    used 4064K, committed 4288K, reserved 1048576K
}
Event: 7.367 GC heap before
{Heap before GC invocations=6 (full 0):
 garbage-first heap   total 55296K, used 36626K [0x0000000081e00000, 0x0000000100000000)
  region size 1024K, 22 young (22528K), 3 survivors (3072K)
 Metaspace       used 35120K, committed 35584K, reserved 1114112K
  class space    used 4666K, committed 4864K, reserved 1048576K
}
Event: 7.371 GC heap after
{Heap after GC invocations=7 (full 0):
 garbage-first heap   total 66560K, used 19230K [0x0000000081e00000, 0x0000000100000000)
  region size 1024K, 2 young (2048K), 2 survivors (2048K)
 Metaspace       used 35120K, committed 35584K, reserved 1114112K
  class space    used 4666K, committed 4864K, reserved 1048576K
}
Event: 7.420 GC heap before
{Heap before GC invocations=7 (full 0):
 garbage-first heap   total 66560K, used 20254K [0x0000000081e00000, 0x0000000100000000)
  region size 1024K, 4 young (4096K), 2 survivors (2048K)
 Metaspace       used 35788K, committed 36160K, reserved 1114112K
  class space    used 4752K, committed 4928K, reserved 1048576K
}
Event: 7.422 GC heap after
{Heap after GC invocations=8 (full 0):
 garbage-first heap   total 66560K, used 19193K [0x0000000081e00000, 0x0000000100000000)
  region size 1024K, 2 young (2048K), 2 survivors (2048K)
 Metaspace       used 35788K, committed 36160K, reserved 1114112K
  class space    used 4752K, committed 4928K, reserved 1048576K
}
Event: 8.626 GC heap before
{Heap before GC invocations=9 (full 0):
 garbage-first heap   total 66560K, used 48889K [0x0000000081e00000, 0x0000000100000000)
  region size 1024K, 31 young (31744K), 2 survivors (2048K)
 Metaspace       used 46805K, committed 47232K, reserved 1114112K
  class space    used 6231K, committed 6464K, reserved 1048576K
}
Event: 8.632 GC heap after
{Heap after GC invocations=10 (full 0):
 garbage-first heap   total 66560K, used 22048K [0x0000000081e00000, 0x0000000100000000)
  region size 1024K, 4 young (4096K), 4 survivors (4096K)
 Metaspace       used 46805K, committed 47232K, reserved 1114112K
  class space    used 6231K, committed 6464K, reserved 1048576K
}
Event: 9.455 GC heap before
{Heap before GC invocations=10 (full 0):
 garbage-first heap   total 66560K, used 48672K [0x0000000081e00000, 0x0000000100000000)
  region size 1024K, 31 young (31744K), 4 survivors (4096K)
 Metaspace       used 54422K, committed 54848K, reserved 1114112K
  class space    used 7274K, committed 7488K, reserved 1048576K
}
Event: 9.459 GC heap after
{Heap after GC invocations=11 (full 0):
 garbage-first heap   total 66560K, used 23460K [0x0000000081e00000, 0x0000000100000000)
  region size 1024K, 2 young (2048K), 2 survivors (2048K)
 Metaspace       used 54422K, committed 54848K, reserved 1114112K
  class space    used 7274K, committed 7488K, reserved 1048576K
}
Event: 9.939 GC heap before
{Heap before GC invocations=11 (full 0):
 garbage-first heap   total 66560K, used 45988K [0x0000000081e00000, 0x0000000100000000)
  region size 1024K, 26 young (26624K), 2 survivors (2048K)
 Metaspace       used 60112K, committed 60608K, reserved 1114112K
  class space    used 8196K, committed 8448K, reserved 1048576K
}
Event: 9.942 GC heap after
{Heap after GC invocations=12 (full 0):
 garbage-first heap   total 66560K, used 24825K [0x0000000081e00000, 0x0000000100000000)
  region size 1024K, 3 young (3072K), 3 survivors (3072K)
 Metaspace       used 60112K, committed 60608K, reserved 1114112K
  class space    used 8196K, committed 8448K, reserved 1048576K
}
Event: 10.427 GC heap before
{Heap before GC invocations=13 (full 0):
 garbage-first heap   total 66560K, used 50425K [0x0000000081e00000, 0x0000000100000000)
  region size 1024K, 28 young (28672K), 3 survivors (3072K)
 Metaspace       used 64144K, committed 64640K, reserved 1114112K
  class space    used 8810K, committed 9024K, reserved 1048576K
}
Event: 10.433 GC heap after
{Heap after GC invocations=14 (full 0):
 garbage-first heap   total 66560K, used 27328K [0x0000000081e00000, 0x0000000100000000)
  region size 1024K, 4 young (4096K), 4 survivors (4096K)
 Metaspace       used 64144K, committed 64640K, reserved 1114112K
  class space    used 8810K, committed 9024K, reserved 1048576K
}

